<?xml version="1.0" encoding="UTF-8"?>
<testng-results skipped="0" failed="0" ignored="0" total="1" passed="1">
  <reporter-output>
  </reporter-output>
  <suite name="Default suite" duration-ms="3650" started-at="2019-04-16T16:07:42Z" finished-at="2019-04-16T16:07:45Z">
    <groups>
    </groups>
    <test name="Default test" duration-ms="3650" started-at="2019-04-16T16:07:42Z" finished-at="2019-04-16T16:07:45Z">
      <class name="basic.LoadURL">
        <test-method status="PASS" signature="LoadURL()[pri:0, instance:basic.LoadURL@58d75e99]" name="LoadURL" duration-ms="3596" started-at="2019-04-16T16:07:42Z" finished-at="2019-04-16T16:07:45Z">
          <reporter-output>
          </reporter-output>
        </test-method> <!-- LoadURL -->
      </class> <!-- basic.LoadURL -->
    </test> <!-- Default test -->
  </suite> <!-- Default suite -->
</testng-results>
